<?xml version="1.0" encoding="UTF-8"?>
<!-- Generated by org.testng.reporters.JUnitReportReporter -->
<testsuite hostname="NAREN" failures="0" tests="7" name="Tests.PersonalInformation" time="18.826" errors="0" timestamp="2022-01-07T08:35:44 IST" skipped="1">
  <testcase classname="Tests.PersonalInformation" name="doLogIn" time="9.121"/>
  <system-out/>
  <testcase classname="Tests.PersonalInformation" name="doLogIn" time="2.091"/>
  <system-out/>
  <testcase classname="Tests.PersonalInformation" name="getBasicPage" time="3.691"/>
  <system-out/>
  <testcase classname="Tests.PersonalInformation" name="getAdmissionsServicesMastersProductsPage" time="2.252"/>
  <system-out>
    <![CDATA[Onboarding gets clicked]]>
  </system-out>
  <testcase classname="Tests.PersonalInformation" name="clickonBoardAcademicInfoPage" time="0.201"/>
  <system-out>
    <![CDATA[Personal Information gets clicked]]>
  </system-out>
  <testcase classname="Tests.PersonalInformation" name="validateNegativeOnboardingPersonalInfo" time="1.470"/>
  <system-out>
    <![CDATA[Please fill the required field [Popup Detected]]]>
  </system-out>
  <testcase classname="Tests.PersonalInformation" name="validateOnboardingPersonalInfo">
    <skipped/>
  </testcase> <!-- validateOnboardingPersonalInfo -->
  <system-out/>
</testsuite> <!-- Tests.PersonalInformation -->
