<?xml version="1.0" encoding="UTF-8"?>
<!-- Generated by org.testng.reporters.JUnitReportReporter -->
<testsuite hostname="NAREN" failures="0" tests="3" name="Tests.PlusTwo" time="24.545" errors="0" timestamp="2022-01-07T08:35:44 IST" skipped="1">
  <testcase classname="Tests.PlusTwo" name="clickAddDetailsAndPlus2GradeButton" time="0.461"/>
  <system-out>
    <![CDATA[Entered into academic information
Entered into 12th grade]]>
  </system-out>
  <testcase classname="Tests.PlusTwo" name="validateNegativePlus2GradeInfo" time="24.084"/>
  <system-out>
    <![CDATA[School Name Entered
Examination Board Combo gets clicked
Examination Board Combo value clicked
Start Date entered
End Date entered
Upload file is clicked
File is uploaded
Save button is clicked
Failed to wait for en element 
Expected condition failed: waiting for presence of element located by: By.xpath: Please fill the required field (tried for 10 second(s) with 2000 milliseconds interval)
Document is in ready state
This page is not defined with JQuery
Back to onboarding]]>
  </system-out>
  <testcase classname="Tests.PlusTwo" name="validatePlus2GradeInfo">
    <skipped/>
  </testcase> <!-- validatePlus2GradeInfo -->
  <system-out/>
</testsuite> <!-- Tests.PlusTwo -->
