<?xml version="1.0" encoding="UTF-8"?>
<!-- Generated by org.testng.reporters.JUnitReportReporter -->
<testsuite hostname="LAPTOP-PCT5D802" failures="0" tests="1" name="resources.TestSample" time="1.667" errors="0" timestamp="2022-01-01T23:15:38 IST" skipped="0">
  <testcase classname="resources.TestSample" name="getExcelData" time="1.667"/>
  <system-out/>
</testsuite> <!-- resources.TestSample -->
