<?xml version="1.0" encoding="UTF-8"?>
<!-- Generated by org.testng.reporters.JUnitReportReporter -->
<testsuite hostname="NAREN" failures="0" tests="3" name="Tests.UnderGraduate" time="15.667" errors="0" timestamp="2022-01-07T08:35:44 IST" skipped="1">
  <testcase classname="Tests.UnderGraduate" name="clickAddDetailsAndUnderGradGradeButton" time="2.928"/>
  <system-out>
    <![CDATA[Entered into academic information
Entered into undergraduate]]>
  </system-out>
  <testcase classname="Tests.UnderGraduate" name="validateNegativeUnderGradInfo" time="12.739"/>
  <system-out>
    <![CDATA[College Combo gets clicked
College Combo value clicked
University Combo gets clicked
University Combo value clicked
Field Of Study Combo gets clicked
Field Of Study Combo value clicked
Start Date entered
End Date entered
Grade Scale Combo gets clicked
Grade Scale Combo value clicked
CGPA entered
Save button is clicked
Failed to wait for en element 
Expected condition failed: waiting for presence of element located by: By.xpath: Please fill the required field (tried for 10 second(s) with 2000 milliseconds interval)
Document is in ready state
This page is not defined with JQuery
Back to onboarding]]>
  </system-out>
  <testcase classname="Tests.UnderGraduate" name="validateUnderGradInfo">
    <skipped/>
  </testcase> <!-- validateUnderGradInfo -->
  <system-out/>
</testsuite> <!-- Tests.UnderGraduate -->
