<?xml version="1.0" encoding="UTF-8"?>
<!-- Generated by org.testng.reporters.JUnitReportReporter -->
<testsuite hostname="NAREN" failures="0" tests="2" name="Tests.Login" time="30.672" errors="0" timestamp="2022-01-07T08:35:44 IST" skipped="0">
  <testcase classname="Tests.Login" name="doLogIn" time="11.200"/>
  <system-out>
    <![CDATA[Invalid Password [Popup Detected]]]>
  </system-out>
  <testcase classname="Tests.Login" name="doLogIn" time="19.472"/>
  <system-out>
    <![CDATA[Login Successful]]>
  </system-out>
</testsuite> <!-- Tests.Login -->
